# JRE version: OpenJDK Runtime Environment (8.0_121-b13) (build 1.8.0_121-8u121-b13-0ubuntu1.16.04.2-b13)
# Java VM: OpenJDK 64-Bit Server VM (25.121-b13 mixed mode linux-amd64 compressed oops)
Heap:
 def new generation   total 41024K, used 0K [0x00000000f0800000, 0x00000000f3480000, 0x00000000f5aa0000)
  eden space 36480K,   0% used [0x00000000f0800000, 0x00000000f0800000, 0x00000000f2ba0000)
  from space 4544K,   0% used [0x00000000f2ba0000, 0x00000000f2ba0000, 0x00000000f3010000)
  to   space 4544K,   0% used [0x00000000f3010000, 0x00000000f3010000, 0x00000000f3480000)
 tenured generation   total 89992K, used 86953K [0x00000000f5aa0000, 0x00000000fb282000, 0x0000000100000000)
   the space 89992K,  96% used [0x00000000f5aa0000, 0x00000000faf8a5f8, 0x00000000faf8a600, 0x00000000fb282000)
 Metaspace       used 38029K, capacity 38424K, committed 38656K, reserved 1083392K
  class space    used 5266K, capacity 5356K, committed 5376K, reserved 1048576K
GC Heap History (10 events):
Event: 257.918 GC heap after
Heap after GC invocations=99 (full 8):
 def new generation   total 41024K, used 2546K [0x00000000f0800000, 0x00000000f3480000, 0x00000000f5aa0000)
  eden space 36480K,   0% used [0x00000000f0800000, 0x00000000f0800000, 0x00000000f2ba0000)
  from space 4544K,  56% used [0x00000000f3010000, 0x00000000f328cb48, 0x00000000f3480000)
  to   space 4544K,   0% used [0x00000000f2ba0000, 0x00000000f2ba0000, 0x00000000f3010000)
 tenured generation   total 89992K, used 79259K [0x00000000f5aa0000, 0x00000000fb282000, 0x0000000100000000)
   the space 89992K,  88% used [0x00000000f5aa0000, 0x00000000fa806ff8, 0x00000000fa807000, 0x00000000fb282000)
 Metaspace       used 38021K, capacity 38424K, committed 38656K, reserved 1083392K
  class space    used 5266K, capacity 5356K, committed 5376K, reserved 1048576K
}
Event: 258.114 GC heap before
{Heap before GC invocations=99 (full 8):
 def new generation   total 41024K, used 39026K [0x00000000f0800000, 0x00000000f3480000, 0x00000000f5aa0000)
  eden space 36480K,  99% used [0x00000000f0800000, 0x00000000f2b9ff50, 0x00000000f2ba0000)
  from space 4544K,  56% used [0x00000000f3010000, 0x00000000f328cb48, 0x00000000f3480000)
  to   space 4544K,   0% used [0x00000000f2ba0000, 0x00000000f2ba0000, 0x00000000f3010000)
 tenured generation   total 89992K, used 79259K [0x00000000f5aa0000, 0x00000000fb282000, 0x0000000100000000)
   the space 89992K,  88% used [0x00000000f5aa0000, 0x00000000fa806ff8, 0x00000000fa807000, 0x00000000fb282000)
 Metaspace       used 38024K, capacity 38424K, committed 38656K, reserved 1083392K
  class space    used 5266K, capacity 5356K, committed 5376K, reserved 1048576K
Event: 258.124 GC heap after
Heap after GC invocations=100 (full 8):
 def new generation   total 41024K, used 2493K [0x00000000f0800000, 0x00000000f3480000, 0x00000000f5aa0000)
  eden space 36480K,   0% used [0x00000000f0800000, 0x00000000f0800000, 0x00000000f2ba0000)
  from space 4544K,  54% used [0x00000000f2ba0000, 0x00000000f2e0f680, 0x00000000f3010000)
  to   space 4544K,   0% used [0x00000000f3010000, 0x00000000f3010000, 0x00000000f3480000)
 tenured generation   total 89992K, used 81368K [0x00000000f5aa0000, 0x00000000fb282000, 0x0000000100000000)
   the space 89992K,  90% used [0x00000000f5aa0000, 0x00000000faa162c8, 0x00000000faa16400, 0x00000000fb282000)
 Metaspace       used 38024K, capacity 38424K, committed 38656K, reserved 1083392K
  class space    used 5266K, capacity 5356K, committed 5376K, reserved 1048576K
}
Event: 258.326 GC heap before
{Heap before GC invocations=100 (full 8):
 def new generation   total 41024K, used 38968K [0x00000000f0800000, 0x00000000f3480000, 0x00000000f5aa0000)
  eden space 36480K,  99% used [0x00000000f0800000, 0x00000000f2b9eaf0, 0x00000000f2ba0000)
  from space 4544K,  54% used [0x00000000f2ba0000, 0x00000000f2e0f680, 0x00000000f3010000)
  to   space 4544K,   0% used [0x00000000f3010000, 0x00000000f3010000, 0x00000000f3480000)
 tenured generation   total 89992K, used 81368K [0x00000000f5aa0000, 0x00000000fb282000, 0x0000000100000000)
   the space 89992K,  90% used [0x00000000f5aa0000, 0x00000000faa162c8, 0x00000000faa16400, 0x00000000fb282000)
 Metaspace       used 38028K, capacity 38424K, committed 38656K, reserved 1083392K
  class space    used 5266K, capacity 5356K, committed 5376K, reserved 1048576K
Event: 258.339 GC heap after
Heap after GC invocations=101 (full 8):
 def new generation   total 41024K, used 2545K [0x00000000f0800000, 0x00000000f3480000, 0x00000000f5aa0000)
  eden space 36480K,   0% used [0x00000000f0800000, 0x00000000f0800000, 0x00000000f2ba0000)
  from space 4544K,  56% used [0x00000000f3010000, 0x00000000f328c770, 0x00000000f3480000)
  to   space 4544K,   0% used [0x00000000f2ba0000, 0x00000000f2ba0000, 0x00000000f3010000)
 tenured generation   total 89992K, used 83425K [0x00000000f5aa0000, 0x00000000fb282000, 0x0000000100000000)
   the space 89992K,  92% used [0x00000000f5aa0000, 0x00000000fac18648, 0x00000000fac18800, 0x00000000fb282000)
 Metaspace       used 38028K, capacity 38424K, committed 38656K, reserved 1083392K
  class space    used 5266K, capacity 5356K, committed 5376K, reserved 1048576K
}
Event: 258.540 GC heap before
{Heap before GC invocations=101 (full 8):
 def new generation   total 41024K, used 39025K [0x00000000f0800000, 0x00000000f3480000, 0x00000000f5aa0000)
  eden space 36480K, 100% used [0x00000000f0800000, 0x00000000f2ba0000, 0x00000000f2ba0000)
  from space 4544K,  56% used [0x00000000f3010000, 0x00000000f328c770, 0x00000000f3480000)
  to   space 4544K,   0% used [0x00000000f2ba0000, 0x00000000f2ba0000, 0x00000000f3010000)
 tenured generation   total 89992K, used 83425K [0x00000000f5aa0000, 0x00000000fb282000, 0x0000000100000000)
   the space 89992K,  92% used [0x00000000f5aa0000, 0x00000000fac18648, 0x00000000fac18800, 0x00000000fb282000)
 Metaspace       used 38028K, capacity 38424K, committed 38656K, reserved 1083392K
  class space    used 5266K, capacity 5356K, committed 5376K, reserved 1048576K
Event: 258.560 GC heap after
Heap after GC invocations=102 (full 8):
 def new generation   total 41024K, used 2804K [0x00000000f0800000, 0x00000000f3480000, 0x00000000f5aa0000)
  eden space 36480K,   0% used [0x00000000f0800000, 0x00000000f0800000, 0x00000000f2ba0000)
  from space 4544K,  61% used [0x00000000f2ba0000, 0x00000000f2e5d110, 0x00000000f3010000)
  to   space 4544K,   0% used [0x00000000f3010000, 0x00000000f3010000, 0x00000000f3480000)
 tenured generation   total 89992K, used 85514K [0x00000000f5aa0000, 0x00000000fb282000, 0x0000000100000000)
   the space 89992K,  95% used [0x00000000f5aa0000, 0x00000000fae22b30, 0x00000000fae22c00, 0x00000000fb282000)
 Metaspace       used 38028K, capacity 38424K, committed 38656K, reserved 1083392K
  class space    used 5266K, capacity 5356K, committed 5376K, reserved 1048576K
}
Event: 258.751 GC heap before
{Heap before GC invocations=102 (full 8):
 def new generation   total 41024K, used 39278K [0x00000000f0800000, 0x00000000f3480000, 0x00000000f5aa0000)
  eden space 36480K,  99% used [0x00000000f0800000, 0x00000000f2b9e9d8, 0x00000000f2ba0000)
  from space 4544K,  61% used [0x00000000f2ba0000, 0x00000000f2e5d110, 0x00000000f3010000)
  to   space 4544K,   0% used [0x00000000f3010000, 0x00000000f3010000, 0x00000000f3480000)
 tenured generation   total 89992K, used 85514K [0x00000000f5aa0000, 0x00000000fb282000, 0x0000000100000000)
   the space 89992K,  95% used [0x00000000f5aa0000, 0x00000000fae22b30, 0x00000000fae22c00, 0x00000000fb282000)
 Metaspace       used 38028K, capacity 38424K, committed 38656K, reserved 1083392K
  class space    used 5266K, capacity 5356K, committed 5376K, reserved 1048576K
Event: 258.769 GC heap after
Heap after GC invocations=103 (full 8):
 def new generation   total 41024K, used 2594K [0x00000000f0800000, 0x00000000f3480000, 0x00000000f5aa0000)
  eden space 36480K,   0% used [0x00000000f0800000, 0x00000000f0800000, 0x00000000f2ba0000)
  from space 4544K,  57% used [0x00000000f3010000, 0x00000000f32989e8, 0x00000000f3480000)
  to   space 4544K,   0% used [0x00000000f2ba0000, 0x00000000f2ba0000, 0x00000000f3010000)
 tenured generation   total 89992K, used 87848K [0x00000000f5aa0000, 0x00000000fb282000, 0x0000000100000000)
   the space 89992K,  97% used [0x00000000f5aa0000, 0x00000000fb06a1a8, 0x00000000fb06a200, 0x00000000fb282000)
 Metaspace       used 38028K, capacity 38424K, committed 38656K, reserved 1083392K
  class space    used 5266K, capacity 5356K, committed 5376K, reserved 1048576K
}
Event: 258.967 GC heap before
{Heap before GC invocations=103 (full 8):
 def new generation   total 41024K, used 39074K [0x00000000f0800000, 0x00000000f3480000, 0x00000000f5aa0000)
  eden space 36480K, 100% used [0x00000000f0800000, 0x00000000f2ba0000, 0x00000000f2ba0000)
  from space 4544K,  57% used [0x00000000f3010000, 0x00000000f32989e8, 0x00000000f3480000)
  to   space 4544K,   0% used [0x00000000f2ba0000, 0x00000000f2ba0000, 0x00000000f3010000)
 tenured generation   total 89992K, used 87848K [0x00000000f5aa0000, 0x00000000fb282000, 0x0000000100000000)
   the space 89992K,  97% used [0x00000000f5aa0000, 0x00000000fb06a1a8, 0x00000000fb06a200, 0x00000000fb282000)
 Metaspace       used 38029K, capacity 38424K, committed 38656K, reserved 1083392K
  class space    used 5266K, capacity 5356K, committed 5376K, reserved 1048576K

